<?xml version="1.0"?>
<font>
  <info face="FatnTiny" size="64" bold="0" italic="0" charset="" unicode="1" stretchH="100" smooth="1" aa="1" padding="0,0,0,0" spacing="1,1" outline="0"/>
  <common lineHeight="64" base="54" scaleW="256" scaleH="256" pages="1" packed="0" alphaChnl="0" redChnl="4" greenChnl="4" blueChnl="4"/>
  <pages>
    <page id="0" file="fat-and-tiny_0.png" />
  </pages>
  <chars count="198">
    <char id="32" x="71" y="28" width="1" height="1" xoffset="0" yoffset="0" xadvance="25" page="0" chnl="15" />
    <char id="33" x="243" y="81" width="11" height="26" xoffset="0" yoffset="28" xadvance="15" page="0" chnl="15" />
    <char id="34" x="219" y="185" width="16" height="11" xoffset="0" yoffset="28" xadvance="20" page="0" chnl="15" />
    <char id="35" x="135" y="109" width="26" height="26" xoffset="0" yoffset="28" xadvance="30" page="0" chnl="15" />
    <char id="39" x="248" y="184" width="6" height="11" xoffset="0" yoffset="28" xadvance="10" page="0" chnl="15" />
    <char id="40" x="34" y="168" width="16" height="26" xoffset="0" yoffset="28" xadvance="20" page="0" chnl="15" />
    <char id="41" x="17" y="168" width="16" height="26" xoffset="0" yoffset="28" xadvance="20" page="0" chnl="15" />
    <char id="42" x="32" y="33" width="26" height="26" xoffset="0" yoffset="28" xadvance="30" page="0" chnl="15" />
    <char id="43" x="179" y="0" width="31" height="26" xoffset="0" yoffset="28" xadvance="35" page="0" chnl="15" />
    <char id="44" x="173" y="185" width="6" height="12" xoffset="0" yoffset="48" xadvance="10" page="0" chnl="15" />
    <char id="45" x="24" y="217" width="16" height="6" xoffset="0" yoffset="38" xadvance="20" page="0" chnl="15" />
    <char id="46" x="0" y="217" width="6" height="11" xoffset="0" yoffset="28" xadvance="10" page="0" chnl="15" />
    <char id="47" x="130" y="190" width="11" height="21" xoffset="0" yoffset="33" xadvance="15" page="0" chnl="15" />
    <char id="48" x="167" y="28" width="26" height="26" xoffset="0" yoffset="28" xadvance="30" page="0" chnl="15" />
    <char id="49" x="49" y="141" width="21" height="26" xoffset="0" yoffset="28" xadvance="25" page="0" chnl="15" />
    <char id="50" x="194" y="27" width="26" height="26" xoffset="0" yoffset="28" xadvance="30" page="0" chnl="15" />
    <char id="51" x="221" y="27" width="26" height="26" xoffset="0" yoffset="28" xadvance="30" page="0" chnl="15" />
    <char id="52" x="0" y="60" width="26" height="26" xoffset="0" yoffset="28" xadvance="30" page="0" chnl="15" />
    <char id="53" x="135" y="55" width="26" height="26" xoffset="0" yoffset="28" xadvance="30" page="0" chnl="15" />
    <char id="54" x="27" y="60" width="26" height="26" xoffset="0" yoffset="28" xadvance="30" page="0" chnl="15" />
    <char id="55" x="54" y="60" width="26" height="26" xoffset="0" yoffset="28" xadvance="30" page="0" chnl="15" />
    <char id="56" x="81" y="60" width="26" height="26" xoffset="0" yoffset="28" xadvance="30" page="0" chnl="15" />
    <char id="57" x="189" y="82" width="26" height="26" xoffset="0" yoffset="28" xadvance="30" page="0" chnl="15" />
    <char id="58" x="166" y="185" width="6" height="16" xoffset="0" yoffset="33" xadvance="10" page="0" chnl="15" />
    <char id="59" x="142" y="185" width="6" height="21" xoffset="0" yoffset="33" xadvance="10" page="0" chnl="15" />
    <char id="60" x="0" y="168" width="16" height="26" xoffset="0" yoffset="28" xadvance="20" page="0" chnl="15" />
    <char id="61" x="149" y="185" width="16" height="16" xoffset="0" yoffset="33" xadvance="20" page="0" chnl="15" />
    <char id="62" x="225" y="135" width="16" height="26" xoffset="0" yoffset="28" xadvance="20" page="0" chnl="15" />
    <char id="63" x="71" y="141" width="21" height="26" xoffset="0" yoffset="28" xadvance="25" page="0" chnl="15" />
    <char id="65" x="54" y="87" width="26" height="26" xoffset="0" yoffset="28" xadvance="30" page="0" chnl="15" />
    <char id="66" x="81" y="87" width="26" height="26" xoffset="0" yoffset="28" xadvance="30" page="0" chnl="15" />
    <char id="67" x="108" y="82" width="26" height="26" xoffset="0" yoffset="28" xadvance="30" page="0" chnl="15" />
    <char id="68" x="135" y="82" width="26" height="26" xoffset="0" yoffset="28" xadvance="30" page="0" chnl="15" />
    <char id="69" x="162" y="82" width="26" height="26" xoffset="0" yoffset="28" xadvance="30" page="0" chnl="15" />
    <char id="70" x="113" y="28" width="26" height="26" xoffset="0" yoffset="28" xadvance="30" page="0" chnl="15" />
    <char id="71" x="108" y="109" width="26" height="26" xoffset="0" yoffset="28" xadvance="30" page="0" chnl="15" />
    <char id="72" x="0" y="114" width="26" height="26" xoffset="0" yoffset="28" xadvance="30" page="0" chnl="15" />
    <char id="73" x="93" y="141" width="21" height="26" xoffset="0" yoffset="28" xadvance="25" page="0" chnl="15" />
    <char id="74" x="115" y="136" width="21" height="26" xoffset="0" yoffset="28" xadvance="25" page="0" chnl="15" />
    <char id="75" x="81" y="114" width="26" height="26" xoffset="0" yoffset="28" xadvance="30" page="0" chnl="15" />
    <char id="76" x="0" y="141" width="26" height="26" xoffset="0" yoffset="28" xadvance="30" page="0" chnl="15" />
    <char id="77" x="0" y="33" width="31" height="26" xoffset="0" yoffset="28" xadvance="35" page="0" chnl="15" />
    <char id="78" x="27" y="87" width="26" height="26" xoffset="0" yoffset="28" xadvance="30" page="0" chnl="15" />
    <char id="79" x="27" y="114" width="26" height="26" xoffset="0" yoffset="28" xadvance="30" page="0" chnl="15" />
    <char id="80" x="54" y="114" width="26" height="26" xoffset="0" yoffset="28" xadvance="30" page="0" chnl="15" />
    <char id="81" x="27" y="0" width="26" height="32" xoffset="0" yoffset="28" xadvance="30" page="0" chnl="15" />
    <char id="82" x="0" y="87" width="26" height="26" xoffset="0" yoffset="28" xadvance="30" page="0" chnl="15" />
    <char id="83" x="216" y="54" width="26" height="26" xoffset="0" yoffset="28" xadvance="30" page="0" chnl="15" />
    <char id="84" x="159" y="136" width="21" height="26" xoffset="0" yoffset="28" xadvance="25" page="0" chnl="15" />
    <char id="85" x="189" y="55" width="26" height="26" xoffset="0" yoffset="28" xadvance="30" page="0" chnl="15" />
    <char id="86" x="162" y="55" width="26" height="26" xoffset="0" yoffset="28" xadvance="30" page="0" chnl="15" />
    <char id="87" x="211" y="0" width="31" height="26" xoffset="0" yoffset="28" xadvance="35" page="0" chnl="15" />
    <char id="88" x="108" y="55" width="26" height="26" xoffset="0" yoffset="28" xadvance="30" page="0" chnl="15" />
    <char id="89" x="140" y="28" width="26" height="26" xoffset="0" yoffset="28" xadvance="30" page="0" chnl="15" />
    <char id="90" x="86" y="28" width="26" height="26" xoffset="0" yoffset="28" xadvance="30" page="0" chnl="15" />
    <char id="91" x="243" y="0" width="11" height="26" xoffset="0" yoffset="28" xadvance="15" page="0" chnl="15" />
    <char id="92" x="240" y="162" width="11" height="21" xoffset="0" yoffset="33" xadvance="15" page="0" chnl="15" />
    <char id="93" x="243" y="54" width="11" height="26" xoffset="0" yoffset="28" xadvance="15" page="0" chnl="15" />
    <char id="94" x="202" y="185" width="16" height="11" xoffset="0" yoffset="28" xadvance="20" page="0" chnl="15" />
    <char id="95" x="7" y="217" width="16" height="6" xoffset="0" yoffset="48" xadvance="20" page="0" chnl="15" />
    <char id="96" x="236" y="185" width="11" height="11" xoffset="0" yoffset="28" xadvance="15" page="0" chnl="15" />
    <char id="97" x="59" y="33" width="26" height="26" xoffset="0" yoffset="28" xadvance="30" page="0" chnl="15" />
    <char id="98" x="216" y="108" width="26" height="26" xoffset="0" yoffset="28" xadvance="30" page="0" chnl="15" />
    <char id="99" x="132" y="163" width="26" height="21" xoffset="0" yoffset="33" xadvance="30" page="0" chnl="15" />
    <char id="100" x="189" y="109" width="26" height="26" xoffset="0" yoffset="28" xadvance="30" page="0" chnl="15" />
    <char id="101" x="71" y="0" width="26" height="27" xoffset="0" yoffset="33" xadvance="30" page="0" chnl="15" />
    <char id="102" x="27" y="141" width="21" height="26" xoffset="0" yoffset="28" xadvance="25" page="0" chnl="15" />
    <char id="103" x="0" y="0" width="26" height="32" xoffset="0" yoffset="33" xadvance="30" page="0" chnl="15" />
    <char id="104" x="216" y="81" width="26" height="26" xoffset="0" yoffset="28" xadvance="30" page="0" chnl="15" />
    <char id="105" x="243" y="108" width="11" height="26" xoffset="0" yoffset="28" xadvance="15" page="0" chnl="15" />
    <char id="106" x="54" y="0" width="16" height="32" xoffset="0" yoffset="28" xadvance="20" page="0" chnl="15" />
    <char id="107" x="162" y="109" width="26" height="26" xoffset="0" yoffset="28" xadvance="30" page="0" chnl="15" />
    <char id="108" x="51" y="168" width="16" height="26" xoffset="0" yoffset="28" xadvance="20" page="0" chnl="15" />
    <char id="109" x="100" y="168" width="31" height="21" xoffset="0" yoffset="33" xadvance="35" page="0" chnl="15" />
    <char id="110" x="27" y="195" width="26" height="21" xoffset="0" yoffset="33" xadvance="30" page="0" chnl="15" />
    <char id="111" x="159" y="163" width="26" height="21" xoffset="0" yoffset="33" xadvance="30" page="0" chnl="15" />
    <char id="112" x="125" y="0" width="26" height="27" xoffset="0" yoffset="33" xadvance="30" page="0" chnl="15" />
    <char id="113" x="152" y="0" width="26" height="27" xoffset="0" yoffset="33" xadvance="30" page="0" chnl="15" />
    <char id="114" x="108" y="190" width="21" height="21" xoffset="0" yoffset="33" xadvance="25" page="0" chnl="15" />
    <char id="115" x="186" y="163" width="26" height="21" xoffset="0" yoffset="33" xadvance="30" page="0" chnl="15" />
    <char id="116" x="137" y="136" width="21" height="26" xoffset="0" yoffset="28" xadvance="25" page="0" chnl="15" />
    <char id="117" x="213" y="163" width="26" height="21" xoffset="0" yoffset="33" xadvance="30" page="0" chnl="15" />
    <char id="118" x="0" y="195" width="26" height="21" xoffset="0" yoffset="33" xadvance="30" page="0" chnl="15" />
    <char id="119" x="68" y="168" width="31" height="21" xoffset="0" yoffset="33" xadvance="35" page="0" chnl="15" />
    <char id="120" x="54" y="195" width="26" height="21" xoffset="0" yoffset="33" xadvance="30" page="0" chnl="15" />
    <char id="121" x="98" y="0" width="26" height="27" xoffset="0" yoffset="33" xadvance="30" page="0" chnl="15" />
    <char id="122" x="81" y="190" width="26" height="21" xoffset="0" yoffset="33" xadvance="30" page="0" chnl="15" />
    <char id="123" x="181" y="136" width="21" height="26" xoffset="0" yoffset="28" xadvance="25" page="0" chnl="15" />
    <char id="124" x="248" y="27" width="6" height="26" xoffset="0" yoffset="28" xadvance="10" page="0" chnl="15" />
    <char id="125" x="203" y="136" width="21" height="26" xoffset="0" yoffset="28" xadvance="25" page="0" chnl="15" />
    <char id="126" x="180" y="185" width="21" height="11" xoffset="0" yoffset="28" xadvance="25" page="0" chnl="15" />
    <char id="160" x="71" y="30" width="1" height="1" xoffset="0" yoffset="0" xadvance="25" page="0" chnl="15" />
    <char id="161" x="242" y="135" width="11" height="26" xoffset="0" yoffset="28" xadvance="15" page="0" chnl="15" />
    <char id="119155" x="73" y="28" width="1" height="1" xoffset="0" yoffset="0" xadvance="25" page="0" chnl="15" />
    <char id="119156" x="73" y="30" width="1" height="1" xoffset="0" yoffset="0" xadvance="25" page="0" chnl="15" />
    <char id="119157" x="75" y="28" width="1" height="1" xoffset="0" yoffset="0" xadvance="25" page="0" chnl="15" />
    <char id="119158" x="75" y="30" width="1" height="1" xoffset="0" yoffset="0" xadvance="25" page="0" chnl="15" />
    <char id="119159" x="77" y="28" width="1" height="1" xoffset="0" yoffset="0" xadvance="25" page="0" chnl="15" />
    <char id="119160" x="77" y="30" width="1" height="1" xoffset="0" yoffset="0" xadvance="25" page="0" chnl="15" />
    <char id="119161" x="79" y="28" width="1" height="1" xoffset="0" yoffset="0" xadvance="25" page="0" chnl="15" />
    <char id="119162" x="79" y="30" width="1" height="1" xoffset="0" yoffset="0" xadvance="25" page="0" chnl="15" />
    <char id="917505" x="81" y="28" width="1" height="1" xoffset="0" yoffset="0" xadvance="25" page="0" chnl="15" />
    <char id="917536" x="81" y="30" width="1" height="1" xoffset="0" yoffset="0" xadvance="25" page="0" chnl="15" />
    <char id="917537" x="83" y="28" width="1" height="1" xoffset="0" yoffset="0" xadvance="25" page="0" chnl="15" />
    <char id="917538" x="83" y="30" width="1" height="1" xoffset="0" yoffset="0" xadvance="25" page="0" chnl="15" />
    <char id="917539" x="86" y="55" width="1" height="1" xoffset="0" yoffset="0" xadvance="25" page="0" chnl="15" />
    <char id="917540" x="86" y="57" width="1" height="1" xoffset="0" yoffset="0" xadvance="25" page="0" chnl="15" />
    <char id="917541" x="88" y="55" width="1" height="1" xoffset="0" yoffset="0" xadvance="25" page="0" chnl="15" />
    <char id="917542" x="88" y="57" width="1" height="1" xoffset="0" yoffset="0" xadvance="25" page="0" chnl="15" />
    <char id="917543" x="90" y="55" width="1" height="1" xoffset="0" yoffset="0" xadvance="25" page="0" chnl="15" />
    <char id="917544" x="90" y="57" width="1" height="1" xoffset="0" yoffset="0" xadvance="25" page="0" chnl="15" />
    <char id="917545" x="92" y="55" width="1" height="1" xoffset="0" yoffset="0" xadvance="25" page="0" chnl="15" />
    <char id="917546" x="92" y="57" width="1" height="1" xoffset="0" yoffset="0" xadvance="25" page="0" chnl="15" />
    <char id="917547" x="94" y="55" width="1" height="1" xoffset="0" yoffset="0" xadvance="25" page="0" chnl="15" />
    <char id="917548" x="94" y="57" width="1" height="1" xoffset="0" yoffset="0" xadvance="25" page="0" chnl="15" />
    <char id="917549" x="96" y="55" width="1" height="1" xoffset="0" yoffset="0" xadvance="25" page="0" chnl="15" />
    <char id="917550" x="96" y="57" width="1" height="1" xoffset="0" yoffset="0" xadvance="25" page="0" chnl="15" />
    <char id="917551" x="98" y="55" width="1" height="1" xoffset="0" yoffset="0" xadvance="25" page="0" chnl="15" />
    <char id="917552" x="98" y="57" width="1" height="1" xoffset="0" yoffset="0" xadvance="25" page="0" chnl="15" />
    <char id="917553" x="100" y="55" width="1" height="1" xoffset="0" yoffset="0" xadvance="25" page="0" chnl="15" />
    <char id="917554" x="100" y="57" width="1" height="1" xoffset="0" yoffset="0" xadvance="25" page="0" chnl="15" />
    <char id="917555" x="102" y="55" width="1" height="1" xoffset="0" yoffset="0" xadvance="25" page="0" chnl="15" />
    <char id="917556" x="102" y="57" width="1" height="1" xoffset="0" yoffset="0" xadvance="25" page="0" chnl="15" />
    <char id="917557" x="104" y="55" width="1" height="1" xoffset="0" yoffset="0" xadvance="25" page="0" chnl="15" />
    <char id="917558" x="104" y="57" width="1" height="1" xoffset="0" yoffset="0" xadvance="25" page="0" chnl="15" />
    <char id="917559" x="106" y="55" width="1" height="1" xoffset="0" yoffset="0" xadvance="25" page="0" chnl="15" />
    <char id="917560" x="106" y="57" width="1" height="1" xoffset="0" yoffset="0" xadvance="25" page="0" chnl="15" />
    <char id="917561" x="254" y="135" width="1" height="1" xoffset="0" yoffset="0" xadvance="25" page="0" chnl="15" />
    <char id="917562" x="108" y="136" width="1" height="1" xoffset="0" yoffset="0" xadvance="25" page="0" chnl="15" />
    <char id="917563" x="108" y="138" width="1" height="1" xoffset="0" yoffset="0" xadvance="25" page="0" chnl="15" />
    <char id="917564" x="110" y="136" width="1" height="1" xoffset="0" yoffset="0" xadvance="25" page="0" chnl="15" />
    <char id="917565" x="110" y="138" width="1" height="1" xoffset="0" yoffset="0" xadvance="25" page="0" chnl="15" />
    <char id="917566" x="112" y="136" width="1" height="1" xoffset="0" yoffset="0" xadvance="25" page="0" chnl="15" />
    <char id="917567" x="112" y="138" width="1" height="1" xoffset="0" yoffset="0" xadvance="25" page="0" chnl="15" />
    <char id="917568" x="252" y="162" width="1" height="1" xoffset="0" yoffset="0" xadvance="25" page="0" chnl="15" />
    <char id="917569" x="254" y="137" width="1" height="1" xoffset="0" yoffset="0" xadvance="25" page="0" chnl="15" />
    <char id="917570" x="115" y="163" width="1" height="1" xoffset="0" yoffset="0" xadvance="25" page="0" chnl="15" />
    <char id="917571" x="115" y="165" width="1" height="1" xoffset="0" yoffset="0" xadvance="25" page="0" chnl="15" />
    <char id="917572" x="117" y="163" width="1" height="1" xoffset="0" yoffset="0" xadvance="25" page="0" chnl="15" />
    <char id="917573" x="117" y="165" width="1" height="1" xoffset="0" yoffset="0" xadvance="25" page="0" chnl="15" />
    <char id="917574" x="119" y="163" width="1" height="1" xoffset="0" yoffset="0" xadvance="25" page="0" chnl="15" />
    <char id="917575" x="119" y="165" width="1" height="1" xoffset="0" yoffset="0" xadvance="25" page="0" chnl="15" />
    <char id="917576" x="121" y="163" width="1" height="1" xoffset="0" yoffset="0" xadvance="25" page="0" chnl="15" />
    <char id="917577" x="121" y="165" width="1" height="1" xoffset="0" yoffset="0" xadvance="25" page="0" chnl="15" />
    <char id="917578" x="123" y="163" width="1" height="1" xoffset="0" yoffset="0" xadvance="25" page="0" chnl="15" />
    <char id="917579" x="123" y="165" width="1" height="1" xoffset="0" yoffset="0" xadvance="25" page="0" chnl="15" />
    <char id="917580" x="125" y="163" width="1" height="1" xoffset="0" yoffset="0" xadvance="25" page="0" chnl="15" />
    <char id="917581" x="125" y="165" width="1" height="1" xoffset="0" yoffset="0" xadvance="25" page="0" chnl="15" />
    <char id="917582" x="127" y="163" width="1" height="1" xoffset="0" yoffset="0" xadvance="25" page="0" chnl="15" />
    <char id="917583" x="127" y="165" width="1" height="1" xoffset="0" yoffset="0" xadvance="25" page="0" chnl="15" />
    <char id="917584" x="129" y="163" width="1" height="1" xoffset="0" yoffset="0" xadvance="25" page="0" chnl="15" />
    <char id="917585" x="129" y="165" width="1" height="1" xoffset="0" yoffset="0" xadvance="25" page="0" chnl="15" />
    <char id="917586" x="68" y="190" width="1" height="1" xoffset="0" yoffset="0" xadvance="25" page="0" chnl="15" />
    <char id="917587" x="68" y="192" width="1" height="1" xoffset="0" yoffset="0" xadvance="25" page="0" chnl="15" />
    <char id="917588" x="70" y="190" width="1" height="1" xoffset="0" yoffset="0" xadvance="25" page="0" chnl="15" />
    <char id="917589" x="70" y="192" width="1" height="1" xoffset="0" yoffset="0" xadvance="25" page="0" chnl="15" />
    <char id="917590" x="72" y="190" width="1" height="1" xoffset="0" yoffset="0" xadvance="25" page="0" chnl="15" />
    <char id="917591" x="72" y="192" width="1" height="1" xoffset="0" yoffset="0" xadvance="25" page="0" chnl="15" />
    <char id="917592" x="74" y="190" width="1" height="1" xoffset="0" yoffset="0" xadvance="25" page="0" chnl="15" />
    <char id="917593" x="74" y="192" width="1" height="1" xoffset="0" yoffset="0" xadvance="25" page="0" chnl="15" />
    <char id="917594" x="76" y="190" width="1" height="1" xoffset="0" yoffset="0" xadvance="25" page="0" chnl="15" />
    <char id="917595" x="76" y="192" width="1" height="1" xoffset="0" yoffset="0" xadvance="25" page="0" chnl="15" />
    <char id="917596" x="78" y="190" width="1" height="1" xoffset="0" yoffset="0" xadvance="25" page="0" chnl="15" />
    <char id="917597" x="78" y="192" width="1" height="1" xoffset="0" yoffset="0" xadvance="25" page="0" chnl="15" />
    <char id="917598" x="252" y="164" width="1" height="1" xoffset="0" yoffset="0" xadvance="25" page="0" chnl="15" />
    <char id="917599" x="252" y="166" width="1" height="1" xoffset="0" yoffset="0" xadvance="25" page="0" chnl="15" />
    <char id="917600" x="252" y="168" width="1" height="1" xoffset="0" yoffset="0" xadvance="25" page="0" chnl="15" />
    <char id="917601" x="252" y="170" width="1" height="1" xoffset="0" yoffset="0" xadvance="25" page="0" chnl="15" />
    <char id="917602" x="252" y="172" width="1" height="1" xoffset="0" yoffset="0" xadvance="25" page="0" chnl="15" />
    <char id="917603" x="252" y="174" width="1" height="1" xoffset="0" yoffset="0" xadvance="25" page="0" chnl="15" />
    <char id="917604" x="252" y="176" width="1" height="1" xoffset="0" yoffset="0" xadvance="25" page="0" chnl="15" />
    <char id="917605" x="252" y="178" width="1" height="1" xoffset="0" yoffset="0" xadvance="25" page="0" chnl="15" />
    <char id="917606" x="252" y="180" width="1" height="1" xoffset="0" yoffset="0" xadvance="25" page="0" chnl="15" />
    <char id="917607" x="252" y="182" width="1" height="1" xoffset="0" yoffset="0" xadvance="25" page="0" chnl="15" />
    <char id="917608" x="132" y="185" width="1" height="1" xoffset="0" yoffset="0" xadvance="25" page="0" chnl="15" />
    <char id="917609" x="132" y="187" width="1" height="1" xoffset="0" yoffset="0" xadvance="25" page="0" chnl="15" />
    <char id="917610" x="134" y="185" width="1" height="1" xoffset="0" yoffset="0" xadvance="25" page="0" chnl="15" />
    <char id="917611" x="134" y="187" width="1" height="1" xoffset="0" yoffset="0" xadvance="25" page="0" chnl="15" />
    <char id="917612" x="136" y="185" width="1" height="1" xoffset="0" yoffset="0" xadvance="25" page="0" chnl="15" />
    <char id="917613" x="136" y="187" width="1" height="1" xoffset="0" yoffset="0" xadvance="25" page="0" chnl="15" />
    <char id="917614" x="138" y="185" width="1" height="1" xoffset="0" yoffset="0" xadvance="25" page="0" chnl="15" />
    <char id="917615" x="138" y="187" width="1" height="1" xoffset="0" yoffset="0" xadvance="25" page="0" chnl="15" />
    <char id="917616" x="140" y="185" width="1" height="1" xoffset="0" yoffset="0" xadvance="25" page="0" chnl="15" />
    <char id="917617" x="140" y="187" width="1" height="1" xoffset="0" yoffset="0" xadvance="25" page="0" chnl="15" />
    <char id="917618" x="41" y="217" width="1" height="1" xoffset="0" yoffset="0" xadvance="25" page="0" chnl="15" />
    <char id="917619" x="43" y="217" width="1" height="1" xoffset="0" yoffset="0" xadvance="25" page="0" chnl="15" />
    <char id="917620" x="45" y="217" width="1" height="1" xoffset="0" yoffset="0" xadvance="25" page="0" chnl="15" />
    <char id="917621" x="47" y="217" width="1" height="1" xoffset="0" yoffset="0" xadvance="25" page="0" chnl="15" />
    <char id="917622" x="49" y="217" width="1" height="1" xoffset="0" yoffset="0" xadvance="25" page="0" chnl="15" />
    <char id="917623" x="51" y="217" width="1" height="1" xoffset="0" yoffset="0" xadvance="25" page="0" chnl="15" />
    <char id="917624" x="53" y="217" width="1" height="1" xoffset="0" yoffset="0" xadvance="25" page="0" chnl="15" />
    <char id="917625" x="55" y="217" width="1" height="1" xoffset="0" yoffset="0" xadvance="25" page="0" chnl="15" />
    <char id="917626" x="57" y="217" width="1" height="1" xoffset="0" yoffset="0" xadvance="25" page="0" chnl="15" />
    <char id="917627" x="59" y="217" width="1" height="1" xoffset="0" yoffset="0" xadvance="25" page="0" chnl="15" />
    <char id="917628" x="61" y="217" width="1" height="1" xoffset="0" yoffset="0" xadvance="25" page="0" chnl="15" />
    <char id="917629" x="63" y="217" width="1" height="1" xoffset="0" yoffset="0" xadvance="25" page="0" chnl="15" />
    <char id="917630" x="65" y="217" width="1" height="1" xoffset="0" yoffset="0" xadvance="25" page="0" chnl="15" />
    <char id="917631" x="67" y="217" width="1" height="1" xoffset="0" yoffset="0" xadvance="25" page="0" chnl="15" />
  </chars>
</font>
